[2019-11-14T18:59:52.676103+07:00] api-app.DEBUG: Using token from request header [] {"uid":"649d4ab"}
[2019-11-14T18:59:52.682957+07:00] api-app.INFO: Lấy thông tin user ....! [] {"uid":"649d4ab"}
[2019-11-15T08:56:48.788918+07:00] api-app.DEBUG: Using token from request header [] {"uid":"e0285b5"}
[2019-11-15T08:56:48.882274+07:00] api-app.WARNING: Expired token ["eyJ0eXAiOiJKV1QiLCJhbGciOiJIUzUxMiJ9.eyJpYXQiOjE1NzM3MzIzOTIsImp0aSI6IjU1ZDJiMjhhLTA2ZDUtMTFlYS04OTQyLTk0ZGU4MDcwYWNiMyIsImlzcyI6e30sIm5iZiI6MTU3MzczMjM5MiwiZXhwIjoxNTczNzM1OTkyfQ.f5n0D594NP3iLL9DGbXg-IxVV8ADNutZSDURaprZ_9eUzwo6AOKngXJ0iw9bjuFQnRVhPvHRkJdhqjxXh_pC7g"] {"uid":"e0285b5"}
[2019-11-15T08:57:31.715473+07:00] api-app.INFO: Xác thực thành công! [] {"uid":"dc91283"}
[2019-11-15T08:57:43.999175+07:00] api-app.DEBUG: Using token from request header [] {"uid":"c55079c"}
[2019-11-15T08:57:44.008542+07:00] api-app.INFO: Lấy thông tin user ....! [] {"uid":"c55079c"}
[2019-11-15T08:57:54.428343+07:00] api-app.DEBUG: Using token from request header [] {"uid":"d91cc2f"}
[2019-11-15T08:59:26.014316+07:00] api-app.DEBUG: Using token from request header [] {"uid":"a82c1dc"}
[2019-11-15T09:14:00.333485+07:00] api-app.DEBUG: Using token from request header [] {"uid":"b1d23a1"}
[2019-11-15T09:14:12.049019+07:00] api-app.DEBUG: Using token from request header [] {"uid":"b43f57c"}
[2019-11-15T09:14:17.439484+07:00] api-app.DEBUG: Using token from request header [] {"uid":"0b50e57"}
[2019-11-15T09:49:01.044826+07:00] api-app.INFO: Xác thực thành công! [] {"uid":"0c17cd9"}
[2019-11-15T09:50:23.779437+07:00] api-app.WARNING: Token not found [] {"uid":"583e97c"}
[2019-11-15T09:50:46.561532+07:00] api-app.INFO: Xác thực thành công! [] {"uid":"31aa39d"}
[2019-11-15T09:50:59.061218+07:00] api-app.DEBUG: Using token from request header [] {"uid":"0918d7d"}
[2019-11-15T09:51:04.777071+07:00] api-app.DEBUG: Using token from request header [] {"uid":"3a58ffa"}
[2019-11-15T09:51:04.779834+07:00] api-app.WARNING: Signature verification failed ["eyJ0eXAiOiJKV1QiLCJhbGciOiJIUzUxMiJ9.eyJpYXQiOjE1NzM3ODYyNDYsImp0aSI6ImI5NThjODc2LTA3NTItMTFlYS05Yjk1LTk0ZGU4MDcwYWNiMyIsImlzcyI6e30sIm5iZiI6MTU3Mzc4NjI0NiwiZXhwIjoxNTczNzg5ODQ2fQ.ByAeC9gMFcqinL4YXZvx1U-A0pxT8t80aEYG8gmSO2ailUjz6PfNGLw8DuIENsQV9IwZeFpuSyMzX_QgglfKq"] {"uid":"3a58ffa"}
[2019-11-15T09:51:13.909613+07:00] api-app.DEBUG: Using token from request header [] {"uid":"956bf47"}
[2019-11-15T09:51:13.912787+07:00] api-app.WARNING: Signature verification failed ["eyJ0eXAiOiJKV1QiLCJhbGciOiJIUzUxMiJ9.eyJpYXQiOjE1NzM3ODYyNDYsImp0aSI6ImI5NThjODc2LTA3NTItMTFlYS05Yjk1LTk0ZGU4MDcwYWNiMyIsImlzcyI6e30sIm5iZiI6MTU3Mzc4NjI0NiwiZXhwIjoxNTczNzg5ODQ2fQ.ByAeC9gMFcqinL4YXZvx1U-A0pxT8t80aEYG8gmSO2ailUjz6PfNGLw8DuIENsQV9IwZeFpuSyMzX_QgglfKq,"] {"uid":"956bf47"}
[2019-11-15T09:51:27.248177+07:00] api-app.DEBUG: Using token from request header [] {"uid":"218e147"}
[2019-11-15T10:21:55.000964+07:00] api-app.DEBUG: Using token from request header [] {"uid":"0ec11e1"}
[2019-11-15T10:22:45.419098+07:00] api-app.DEBUG: Using token from request header [] {"uid":"0551983"}
[2019-11-15T10:22:53.515343+07:00] api-app.DEBUG: Using token from request header [] {"uid":"7b82a03"}
[2019-11-15T10:22:53.517978+07:00] api-app.WARNING: Malformed UTF-8 characters ["eyJ0eXAiOiJKV1QiLCJhbGciOiJIUzUxMiJ9.eyJpYXQiOjE1NzM3ODYyNDYsImp0aSI6ImI5NThjODc2LTA3NTItMTFlYS05Yjkx1LTk0ZGU4MDcwYWNiMyIsImlzcyI6e30sIm5iZiI6MTU3Mzc4NjI0NiwiZXhwIjoxNTczNzg5ODQ2fQ.ByAeC9gMFcqinL4YXZvx1U-A0pxT8t80aEYG8gmSO2ailUjz6PfNGLw8DuIENsQV9IwZeFpuSyMzX_QgglfKqw"] {"uid":"7b82a03"}
[2019-11-15T10:23:07.006556+07:00] api-app.DEBUG: Using token from request header [] {"uid":"256cb6b"}
[2019-11-15T10:23:07.009027+07:00] api-app.WARNING: Signature verification failed ["eyJ0eXAiOiJKV1QiLCJhbGciOiJIUzUxMiJ9.eyJpYXQiOjE1NzM3ODYyNDYsImp0aSI6ImI5NThjODc2LTA3NTItMTFlYS05Yjk1LTk0ZGU4MDcwYWNiMyIsImlzcyI6e30sIm5iZiI6MTU3Mzc4NjI0NiwiZXhwIjoxNTczNzg5ODQ2fQ.ByAeC9gMFcqinL4YXZvx1U-A0pxT8t80aEYG8gmSO2ailUjz6PfNGLw8DuIENsQV9IwZeFpuSyMzX_QgglfKqwas"] {"uid":"256cb6b"}
[2019-11-15T10:24:38.480220+07:00] api-app.DEBUG: Using token from request header [] {"uid":"ef1fad3"}
[2019-11-15T11:08:51.853552+07:00] api-app.DEBUG: Using token from request header [] {"uid":"a630546"}
[2019-11-15T11:08:51.856801+07:00] api-app.WARNING: Expired token ["eyJ0eXAiOiJKV1QiLCJhbGciOiJIUzUxMiJ9.eyJpYXQiOjE1NzM3ODYyNDYsImp0aSI6ImI5NThjODc2LTA3NTItMTFlYS05Yjk1LTk0ZGU4MDcwYWNiMyIsImlzcyI6e30sIm5iZiI6MTU3Mzc4NjI0NiwiZXhwIjoxNTczNzg5ODQ2fQ.ByAeC9gMFcqinL4YXZvx1U-A0pxT8t80aEYG8gmSO2ailUjz6PfNGLw8DuIENsQV9IwZeFpuSyMzX_QgglfKqw"] {"uid":"a630546"}
[2019-11-15T11:08:58.964934+07:00] api-app.INFO: Xác thực thành công! [] {"uid":"2a69081"}
[2019-11-15T11:09:07.473138+07:00] api-app.DEBUG: Using token from request header [] {"uid":"46e24fb"}
[2019-11-15T11:10:07.177358+07:00] api-app.DEBUG: Using token from request header [] {"uid":"a3d011f"}
[2019-11-15T11:11:17.430207+07:00] api-app.DEBUG: Using token from request header [] {"uid":"f0e81d3"}
[2019-11-15T11:12:35.935960+07:00] api-app.DEBUG: Using token from request header [] {"uid":"09c39e3"}
[2019-11-15T11:14:06.905371+07:00] api-app.DEBUG: Using token from request header [] {"uid":"edf3078"}
[2019-11-15T11:25:12.855820+07:00] api-app.DEBUG: Using token from request header [] {"uid":"2df217a"}
[2019-11-15T11:37:24.701246+07:00] api-app.DEBUG: Using token from request header [] {"uid":"e9d8255"}
[2019-11-15T11:42:47.396308+07:00] api-app.DEBUG: Using token from request header [] {"uid":"01dd3ff"}
[2019-11-15T11:43:35.454686+07:00] api-app.DEBUG: Using token from request header [] {"uid":"71acfbb"}
[2019-11-15T11:44:07.591996+07:00] api-app.DEBUG: Using token from request header [] {"uid":"70c3273"}
[2019-11-15T11:44:32.703275+07:00] api-app.DEBUG: Using token from request header [] {"uid":"3b60609"}
[2019-11-15T11:45:42.051890+07:00] api-app.DEBUG: Using token from request header [] {"uid":"80d2e64"}
[2019-11-15T11:45:55.667112+07:00] api-app.DEBUG: Using token from request header [] {"uid":"27f9611"}
[2019-11-15T11:46:38.106435+07:00] api-app.DEBUG: Using token from request header [] {"uid":"43215e2"}
[2019-11-15T11:47:18.374457+07:00] api-app.DEBUG: Using token from request header [] {"uid":"5c1f94e"}
[2019-11-15T11:47:49.354804+07:00] api-app.DEBUG: Using token from request header [] {"uid":"682cc80"}
[2019-11-15T11:50:28.232495+07:00] api-app.DEBUG: Using token from request header [] {"uid":"ee40251"}
[2019-11-15T11:50:49.866787+07:00] api-app.DEBUG: Using token from request header [] {"uid":"0801d3b"}
[2019-11-15T11:50:58.137835+07:00] api-app.DEBUG: Using token from request header [] {"uid":"284b22b"}
[2019-11-15T11:52:49.782395+07:00] api-app.DEBUG: Using token from request header [] {"uid":"4b7b411"}
[2019-11-15T11:54:04.501834+07:00] api-app.DEBUG: Using token from request header [] {"uid":"0b8c3fa"}
[2019-11-15T11:54:16.866791+07:00] api-app.DEBUG: Using token from request header [] {"uid":"34a72e7"}
[2019-11-15T11:54:28.389883+07:00] api-app.DEBUG: Using token from request header [] {"uid":"626f8dc"}
[2019-11-15T11:56:01.916056+07:00] api-app.DEBUG: Using token from request header [] {"uid":"1510ae2"}
[2019-11-15T15:10:33.859168+07:00] api-app.DEBUG: Using token from request header [] {"uid":"925b6ae"}
[2019-11-15T15:10:33.862511+07:00] api-app.WARNING: Expired token ["eyJ0eXAiOiJKV1QiLCJhbGciOiJIUzUxMiJ9.eyJpYXQiOjE1NzM3OTA5MzksImp0aSI6ImE2M2Q3ZDZjLTA3NWQtMTFlYS04NzgyLTk0ZGU4MDcwYWNiMyIsImlzcyI6e30sIm5iZiI6MTU3Mzc5MDkzOSwiZXhwIjoxNTczNzk0NTM5fQ.lUCA_WsCHKF9u980Een-xfF4rx59lLVWC1yPCKsOgHWI57QYZKNIpwZW7nTjsUa71CMXHbdR6RkLYriULnc0Jw"] {"uid":"925b6ae"}
[2019-11-15T15:10:39.794139+07:00] api-app.INFO: Xác thực thành công! [] {"uid":"2445b0b"}
[2019-11-15T15:10:49.537739+07:00] api-app.DEBUG: Using token from request header [] {"uid":"51be871"}
[2019-11-15T15:13:23.994318+07:00] api-app.DEBUG: Using token from request header [] {"uid":"50b8f75"}
[2019-11-15T15:14:33.422972+07:00] api-app.DEBUG: Using token from request header [] {"uid":"b854d9c"}
[2019-11-15T15:14:51.799694+07:00] api-app.DEBUG: Using token from request header [] {"uid":"3d6091c"}
[2019-11-15T15:15:44.332074+07:00] api-app.DEBUG: Using token from request header [] {"uid":"89afe3e"}
[2019-11-15T15:16:03.065982+07:00] api-app.DEBUG: Using token from request header [] {"uid":"da6cf5e"}
[2019-11-15T15:16:38.334138+07:00] api-app.DEBUG: Using token from request header [] {"uid":"406f0ea"}
[2019-11-15T15:16:52.857057+07:00] api-app.DEBUG: Using token from request header [] {"uid":"9d2c482"}
[2019-11-15T15:17:07.549544+07:00] api-app.DEBUG: Using token from request header [] {"uid":"6518dd3"}
[2019-11-15T15:18:59.910403+07:00] api-app.DEBUG: Using token from request header [] {"uid":"0341672"}
[2019-11-15T15:19:48.149773+07:00] api-app.DEBUG: Using token from request header [] {"uid":"109ec43"}
[2019-11-15T10:17:22.088150+01:00] api-app.DEBUG: Using token from request header [] {"uid":"d55ecfc"}
[2019-11-15T10:17:22.091741+01:00] api-app.WARNING: Expired token ["eyJ0eXAiOiJKV1QiLCJhbGciOiJIUzUxMiJ9.eyJpYXQiOjE1NzM4MDU0MzksImp0aSI6IjY5NjdhZDAwLTA3N2YtMTFlYS04YjA3LTk0ZGU4MDcwYWNiMyIsImlzcyI6e30sIm5iZiI6MTU3MzgwNTQzOSwiZXhwIjoxNTczODA5MDM5fQ.0EqDEoyPicSzJgBdUB1tU37fvohJa7UweqZCiXes_Go65zoUvmbbnahCILVFHavWn4ND9Cy_QhuVb0YS5rUOUg"] {"uid":"d55ecfc"}
[2019-11-15T17:07:24.429582+07:00] api-app.INFO: Xác thực thành công! [] {"uid":"821ea26"}
[2019-11-15T17:07:55.084830+07:00] api-app.INFO: Xác thực thành công! [] {"uid":"e96bffe"}
[2019-11-15T17:08:35.726629+07:00] api-app.INFO: Xác thực thành công! [] {"uid":"f3cabb4"}
[2019-11-15T17:09:25.404401+07:00] api-app.INFO: Xác thực thành cđông! [] {"uid":"e77a93d"}
[2019-11-15T17:11:00.079348+07:00] api-app.INFO: Xác thực thành công! [] {"uid":"174f175"}
[2019-11-15T17:13:04.750715+07:00] api-app.INFO: Xác thực thành công! [] {"uid":"974487a"}
[2019-11-15T17:13:22.918730+07:00] api-app.INFO: Xác thực thành công! [] {"uid":"b025f84"}
[2019-11-15T17:14:21.102309+07:00] api-app.INFO: Xác thực thành công! [] {"uid":"ff6b8ed"}
[2019-11-15T17:14:37.416009+07:00] api-app.DEBUG: Using token from request header [] {"uid":"4de75ed"}
[2019-11-15T17:14:37.418545+07:00] api-app.WARNING: Signature verification failed ["\"eyJ0eXAiOiJKV1QiLCJhbGciOiJIUzUxMiJ9.eyJpYXQiOjE1NzM4MTI4NjEsImp0aSI6ImIwZDZlNDU2LTA3OTAtMTFlYS1iZmI3LTk0ZGU4MDcwYWNiMyIsImlzcyI6e30sIm5iZiI6MTU3MzgxMjg2MSwiZXhwIjoxNTczODE2NDYxfQ.J8qAOuZLopbOiPNBA4_4V0AWiSVNOgMvckqomFgyXqizDtuP3sA-netR7XibPy6JmVTcE2gUcaLLmIGwWwugZQ"] {"uid":"4de75ed"}
[2019-11-15T17:14:49.948703+07:00] api-app.DEBUG: Using token from request header [] {"uid":"18842cb"}
[2019-11-15T11:15:17.300308+01:00] api-app.DEBUG: Using token from request header [] {"uid":"ae55188"}
[2019-11-15T11:15:24.670197+01:00] api-app.DEBUG: Using token from request header [] {"uid":"1fd47bb"}
[2019-11-15T11:17:21.099360+01:00] api-app.DEBUG: Using token from request header [] {"uid":"ada40cd"}
[2019-11-15T11:20:54.119166+01:00] api-app.DEBUG: Using token from request header [] {"uid":"52923bf"}
[2019-11-15T11:22:03.453882+01:00] api-app.DEBUG: Using token from request header [] {"uid":"23db4c4"}
[2019-11-15T11:35:07.901675+01:00] api-app.DEBUG: Using token from request header [] {"uid":"9275bf0"}
[2019-11-15T11:38:16.286816+01:00] api-app.DEBUG: Using token from request header [] {"uid":"d1adb6c"}
[2019-11-15T11:38:24.770296+01:00] api-app.DEBUG: Using token from request header [] {"uid":"61b7316"}
[2019-11-15T11:38:40.064401+01:00] api-app.DEBUG: Using token from request header [] {"uid":"4e09fa0"}
[2019-11-15T11:39:57.432655+01:00] api-app.DEBUG: Using token from request header [] {"uid":"58b2e7b"}
[2019-11-15T11:40:24.854235+01:00] api-app.DEBUG: Using token from request header [] {"uid":"568120c"}
[2019-11-15T11:40:56.119770+01:00] api-app.DEBUG: Using token from request header [] {"uid":"feafff9"}
[2019-11-15T11:41:29.999744+01:00] api-app.DEBUG: Using token from request header [] {"uid":"55a77cb"}
[2019-11-15T11:41:44.709994+01:00] api-app.DEBUG: Using token from request header [] {"uid":"21efad9"}
[2019-11-15T11:42:03.643985+01:00] api-app.DEBUG: Using token from request header [] {"uid":"1cde12f"}
[2019-11-15T11:42:11.630108+01:00] api-app.DEBUG: Using token from request header [] {"uid":"b217896"}
[2019-11-15T11:42:43.286944+01:00] api-app.DEBUG: Using token from request header [] {"uid":"8874357"}
[2019-11-15T11:47:19.914529+01:00] api-app.DEBUG: Using token from request header [] {"uid":"9968d09"}
[2019-11-15T11:50:06.241668+01:00] api-app.DEBUG: Using token from request header [] {"uid":"df4e366"}
[2019-11-15T11:50:21.024367+01:00] api-app.DEBUG: Using token from request header [] {"uid":"f3b7dd6"}
[2019-11-15T11:50:32.740750+01:00] api-app.DEBUG: Using token from request header [] {"uid":"176e247"}
[2019-11-15T11:50:56.006998+01:00] api-app.DEBUG: Using token from request header [] {"uid":"b6bbfc3"}
[2019-11-15T11:51:29.297055+01:00] api-app.DEBUG: Using token from request header [] {"uid":"56267a7"}
[2019-11-15T11:52:19.354502+01:00] api-app.DEBUG: Using token from request header [] {"uid":"9fadd62"}
[2019-11-15T11:54:31.577503+01:00] api-app.DEBUG: Using token from request header [] {"uid":"61d45db"}
[2019-11-15T11:54:43.695759+01:00] api-app.DEBUG: Using token from request header [] {"uid":"e4c4763"}
[2019-11-15T11:54:59.597373+01:00] api-app.DEBUG: Using token from request header [] {"uid":"cdb396c"}
[2019-11-15T11:57:14.157311+01:00] api-app.DEBUG: Using token from request header [] {"uid":"f6302f2"}
[2019-11-15T11:59:09.112241+01:00] api-app.INFO: Xác thực thành công! [] {"uid":"538e9d9"}
[2019-11-15T11:59:40.255402+01:00] api-app.INFO: Xác thực thành công! [] {"uid":"284b33f"}
[2019-11-15T11:59:56.513246+01:00] api-app.INFO: Xác thực thành công! [] {"uid":"d882afe"}
[2019-11-15T12:15:48.975190+01:00] api-app.WARNING: Token not found [] {"uid":"91c4939"}
[2019-11-15T12:16:01.997351+01:00] api-app.INFO: Xác thực thành công! [] {"uid":"aad3842"}
[2019-11-15T12:16:15.630380+01:00] api-app.DEBUG: Using token from request header [] {"uid":"f0004a6"}
[2019-11-16T10:40:25.544625+01:00] api-app.INFO: Xác thực thành công! [] {"uid":"d5f55c8"}
[2019-11-16T10:41:12.236270+01:00] api-app.DEBUG: Using token from request header [] {"uid":"b58ff82"}
[2019-11-16T10:41:56.706633+01:00] api-app.DEBUG: Using token from request header [] {"uid":"f6082a7"}
[2019-11-16T10:42:10.935485+01:00] api-app.DEBUG: Using token from request header [] {"uid":"5838fd4"}
[2019-11-16T10:42:30.027306+01:00] api-app.DEBUG: Using token from request header [] {"uid":"45138a9"}
[2019-11-16T10:42:58.415852+01:00] api-app.DEBUG: Using token from request header [] {"uid":"e847803"}
[2019-11-16T10:43:36.556271+01:00] api-app.DEBUG: Using token from request header [] {"uid":"0b3a473"}
[2019-11-16T10:56:14.053861+01:00] api-app.DEBUG: Using token from request header [] {"uid":"ab8c010"}
[2019-11-16T10:56:43.504030+01:00] api-app.DEBUG: Using token from request header [] {"uid":"0d31184"}
[2019-11-16T10:59:12.814480+01:00] api-app.DEBUG: Using token from request header [] {"uid":"a2b5ecb"}
[2019-11-16T11:00:02.064565+01:00] api-app.DEBUG: Using token from request header [] {"uid":"8e48200"}
[2019-11-16T11:00:11.456455+01:00] api-app.DEBUG: Using token from request header [] {"uid":"4187b20"}
[2019-11-18T03:29:46.902215+01:00] api-app.INFO: Xác thực thành công! [] {"uid":"b6ae966"}
[2019-11-18T03:30:33.717889+01:00] api-app.DEBUG: Using token from request header [] {"uid":"c04758d"}
[2019-11-18T03:33:09.305632+01:00] api-app.DEBUG: Using token from request header [] {"uid":"1895737"}
[2019-11-18T03:33:23.997482+01:00] api-app.DEBUG: Using token from request header [] {"uid":"0cbdd5c"}
[2019-11-18T03:33:37.966138+01:00] api-app.DEBUG: Using token from request header [] {"uid":"de76a30"}
[2019-11-18T03:35:03.151307+01:00] api-app.DEBUG: Using token from request header [] {"uid":"c254e51"}
[2019-11-18T03:35:22.223664+01:00] api-app.DEBUG: Using token from request header [] {"uid":"e0d4ad3"}
[2019-11-18T03:36:12.321793+01:00] api-app.DEBUG: Using token from request header [] {"uid":"f38c78b"}
[2019-11-18T03:36:24.657711+01:00] api-app.DEBUG: Using token from request header [] {"uid":"114b082"}
[2019-11-18T03:36:51.782997+01:00] api-app.DEBUG: Using token from request header [] {"uid":"56e3a80"}
[2019-11-18T03:38:02.279672+01:00] api-app.DEBUG: Using token from request header [] {"uid":"a1b744c"}
[2019-11-18T03:45:43.929965+01:00] api-app.DEBUG: Using token from request header [] {"uid":"942abfc"}
[2019-11-18T03:46:14.618246+01:00] api-app.DEBUG: Using token from request header [] {"uid":"a3937c8"}
[2019-11-18T03:46:56.120641+01:00] api-app.DEBUG: Using token from request header [] {"uid":"04c5a09"}
[2019-11-18T03:47:08.793007+01:00] api-app.DEBUG: Using token from request header [] {"uid":"b6874c8"}
[2019-11-18T03:47:46.943137+01:00] api-app.DEBUG: Using token from request header [] {"uid":"eb16b17"}
[2019-11-18T03:47:54.548708+01:00] api-app.DEBUG: Using token from request header [] {"uid":"6186796"}
[2019-11-18T03:48:20.919492+01:00] api-app.DEBUG: Using token from request header [] {"uid":"d8ef5d4"}
[2019-11-18T03:48:58.627763+01:00] api-app.DEBUG: Using token from request header [] {"uid":"644f4ec"}
[2019-11-18T03:56:56.207229+01:00] api-app.DEBUG: Using token from request header [] {"uid":"c55b17f"}
[2019-11-18T03:57:10.425226+01:00] api-app.DEBUG: Using token from request header [] {"uid":"ecb7e1e"}
[2019-11-18T03:58:37.863122+01:00] api-app.DEBUG: Using token from request header [] {"uid":"0a4bae9"}
[2019-11-18T04:01:24.837813+01:00] api-app.INFO: Xác thực sai! [] {"uid":"7f7756d"}
[2019-11-18T04:06:12.275556+01:00] api-app.DEBUG: Using token from request header [] {"uid":"1080030"}
[2019-11-18T04:06:21.321476+01:00] api-app.DEBUG: Using token from request header [] {"uid":"7a87e8d"}
[2019-11-18T04:10:37.092895+01:00] api-app.DEBUG: Using token from request header [] {"uid":"be61d0f"}
[2019-11-18T04:10:46.029932+01:00] api-app.DEBUG: Using token from request header [] {"uid":"899b5cd"}
[2019-11-18T04:31:44.275002+01:00] api-app.INFO: Xác thực sai! [] {"uid":"c10a5a3"}
[2019-11-18T04:31:58.404623+01:00] api-app.INFO: Xác thực sai! [] {"uid":"5ed44e6"}
[2019-11-18T04:32:02.310964+01:00] api-app.INFO: Xác thực sai! [] {"uid":"173c061"}
[2019-11-18T04:32:20.073495+01:00] api-app.INFO: Xác thực thành công! [] {"uid":"e8cc502"}
[2019-11-18T04:33:04.081053+01:00] api-app.INFO: Xác thực thành công! [] {"uid":"3251db4"}
[2019-11-18T04:33:06.975242+01:00] api-app.INFO: Xác thực thành công! [] {"uid":"69a6ccb"}
[2019-11-18T04:33:52.729505+01:00] api-app.DEBUG: Using token from request header [] {"uid":"64c144d"}
[2019-11-18T04:33:52.743185+01:00] api-app.WARNING: Signature verification failed ["\"eyJ0eXAiOiJKV1QiLCJhbGciOiJIUzUxMiJ9.eyJpYXQiOjE1NzQwNDc5ODcsImp0aSI6IjIyY2NjN2E0LTA5YjQtMTFlYS1hMmZlLTk0ZGU4MDcwYWNiMyIsImlzcyI6e30sIm5iZiI6MTU3NDA0Nzk4NywiZXhwIjoxNTc0MDUxNTg3fQ.XTIKGYGFqFgZjOv9Osm6DObPaDGxfV8jf8QyBeGOHj-gaUSqkuyX_0X8rlRZcc4LuPnB0dBuoc6i0ghJvAyNWA"] {"uid":"64c144d"}
[2019-11-18T04:34:00.355570+01:00] api-app.DEBUG: Using token from request header [] {"uid":"26a31e8"}
[2019-11-18T04:34:16.373083+01:00] api-app.DEBUG: Using token from request header [] {"uid":"a2a69c9"}
[2019-11-18T04:34:20.287868+01:00] api-app.DEBUG: Using token from request header [] {"uid":"301dbd9"}
[2019-11-18T04:34:22.212572+01:00] api-app.DEBUG: Using token from request header [] {"uid":"8274562"}
[2019-11-18T04:34:33.733046+01:00] api-app.DEBUG: Using token from request header [] {"uid":"9406122"}
[2019-11-18T04:34:53.055044+01:00] api-app.DEBUG: Using token from request header [] {"uid":"16243c0"}
[2019-11-18T04:35:38.916542+01:00] api-app.DEBUG: Using token from request header [] {"uid":"b5d6e1c"}
[2019-11-18T04:35:52.711382+01:00] api-app.DEBUG: Using token from request header [] {"uid":"e3da963"}
[2019-11-18T04:36:01.956907+01:00] api-app.DEBUG: Using token from request header [] {"uid":"452a3cf"}
[2019-11-18T04:36:08.953130+01:00] api-app.DEBUG: Using token from request header [] {"uid":"dacb49a"}
[2019-11-18T05:21:45.992604+01:00] api-app.INFO: Xác thực thành công! [] {"uid":"221002f"}
[2019-11-18T05:21:49.658436+01:00] api-app.INFO: Xác thực thành công! [] {"uid":"aa9da81"}
[2019-11-18T05:21:53.412541+01:00] api-app.INFO: Xác thực thành công! [] {"uid":"a7dbb3b"}
[2019-11-18T08:27:40.216092+01:00] api-app.INFO: Xác thực thành công! [] {"uid":"5c63a3d"}
[2019-11-18T08:27:56.247830+01:00] api-app.DEBUG: Using token from request header [] {"uid":"e1772c6"}
[2019-11-18T08:28:12.973824+01:00] api-app.DEBUG: Using token from request header [] {"uid":"6b8aa06"}
[2019-11-18T08:28:23.998859+01:00] api-app.DEBUG: Using token from request header [] {"uid":"ebd7ea1"}
[2019-11-18T08:28:53.203286+01:00] api-app.DEBUG: Using token from request header [] {"uid":"794c1dd"}
[2019-11-18T08:29:44.400472+01:00] api-app.DEBUG: Using token from request header [] {"uid":"8235750"}
[2019-11-18T08:31:24.986753+01:00] api-app.DEBUG: Using token from request header [] {"uid":"161e482"}
[2019-11-18T08:31:58.100936+01:00] api-app.DEBUG: Using token from request header [] {"uid":"92fdd73"}
[2019-11-18T09:30:22.349583+01:00] api-app.INFO: Xác thực thành công! [] {"uid":"1c8975b"}
[2019-11-18T15:31:16.523486+07:00] api-app.INFO: Xác thực thành công! [] {"uid":"fd36ce9"}
[2019-11-18T15:52:46.466552+07:00] api-app.DEBUG: Using token from request header [] {"uid":"ee49879"}
[2019-11-18T15:52:46.477084+07:00] api-app.WARNING: Expired token ["eyJ0eXAiOiJKV1QiLCJhbGciOiJIUzUxMiJ9.eyJpYXQiOjE1NzQwNjIwNjAsImp0aSI6ImU3NDJlYWM2LTA5ZDQtMTFlYS1iYTFiLTk0ZGU4MDcwYWNiMyIsImlzcyI6e30sIm5iZiI6MTU3NDA2MjA2MCwiZXhwIjoxNTc0MDY1NjYwfQ.D82zY7CO92IQVE4xD2yLYzb4gTk0WfOl143kIGQwmlpIsc2ooba0kAIXezgIMj2pjNG7TR0IgNjaKpiUjVNjEA"] {"uid":"ee49879"}
[2019-11-18T15:52:52.331885+07:00] api-app.INFO: Xác thực thành công! [] {"uid":"0436367"}
[2019-11-18T15:53:03.207574+07:00] api-app.DEBUG: Using token from request header [] {"uid":"a777906"}
[2019-11-18T15:53:36.610425+07:00] api-app.DEBUG: Using token from request header [] {"uid":"246b41e"}
[2019-11-18T16:03:40.214958+07:00] api-app.DEBUG: Using token from request header [] {"uid":"87a2158"}
[2019-11-18T16:03:50.590496+07:00] api-app.DEBUG: Using token from request header [] {"uid":"7d927b3"}
[2019-11-18T16:05:54.086887+07:00] api-app.DEBUG: Using token from request header [] {"uid":"1eb6235"}
[2019-11-18T16:06:03.472768+07:00] api-app.DEBUG: Using token from request header [] {"uid":"a61dff9"}
[2019-11-18T16:06:19.433476+07:00] api-app.DEBUG: Using token from request header [] {"uid":"e2576dc"}
[2019-11-18T16:06:59.132222+07:00] api-app.DEBUG: Using token from request header [] {"uid":"62b46eb"}
[2019-11-18T16:07:17.265083+07:00] api-app.DEBUG: Using token from request header [] {"uid":"44eccad"}
[2019-11-18T16:07:31.344172+07:00] api-app.DEBUG: Using token from request header [] {"uid":"8da6863"}
[2019-11-18T16:07:42.241173+07:00] api-app.DEBUG: Using token from request header [] {"uid":"f5c9eba"}
[2019-11-18T16:07:49.213478+07:00] api-app.DEBUG: Using token from request header [] {"uid":"3820b1e"}
[2019-11-18T16:08:04.851622+07:00] api-app.DEBUG: Using token from request header [] {"uid":"0bc20e4"}
[2019-11-18T16:08:54.594248+07:00] api-app.DEBUG: Using token from request header [] {"uid":"45f1abe"}
[2019-11-18T16:09:05.763671+07:00] api-app.DEBUG: Using token from request header [] {"uid":"6b0f650"}
[2019-11-18T16:09:17.045797+07:00] api-app.DEBUG: Using token from request header [] {"uid":"03f3c86"}
[2019-11-18T16:17:11.262080+07:00] api-app.DEBUG: Using token from request header [] {"uid":"3c9cd93"}
[2019-11-18T16:17:52.473431+07:00] api-app.DEBUG: Using token from request header [] {"uid":"c62bd49"}
[2019-11-18T16:18:10.953105+07:00] api-app.DEBUG: Using token from request header [] {"uid":"a06d5e1"}
[2019-11-18T16:36:47.829832+07:00] api-app.DEBUG: Using token from request header [] {"uid":"4543caf"}
[2019-11-18T16:46:13.057687+07:00] api-app.DEBUG: Using token from request header [] {"uid":"f800899"}
[2019-11-18T16:46:49.508239+07:00] api-app.DEBUG: Using token from request header [] {"uid":"02f9b87"}
[2019-11-18T16:48:18.457442+07:00] api-app.DEBUG: Using token from request header [] {"uid":"5bf8722"}
[2019-11-18T17:10:21.907540+07:00] api-app.DEBUG: Using token from request header [] {"uid":"64ccb1a"}
[2019-11-18T17:10:21.910716+07:00] api-app.WARNING: Expired token ["eyJ0eXAiOiJKV1QiLCJhbGciOiJIUzUxMiJ9.eyJpYXQiOjE1NzQwNjcxNzIsImp0aSI6ImNlMjUxNzQyLTA5ZTAtMTFlYS04NTc2LTk0ZGU4MDcwYWNiMyIsImlzcyI6e30sIm5iZiI6MTU3NDA2NzE3MiwiZXhwIjoxNTc0MDcwNzcyfQ.v8zDDDPL7I_WCrikBVKR6_T9xjYjp7we-TBv7q3RN3vqrerqz5541CL8c2c5mZyxa5d8iOJzmIWMlgFZxTky1g"] {"uid":"64ccb1a"}
[2019-11-18T17:10:27.523031+07:00] api-app.INFO: Xác thực thành công! [] {"uid":"f46d67e"}
[2019-11-18T17:10:40.581937+07:00] api-app.DEBUG: Using token from request header [] {"uid":"931e260"}
[2019-11-18T17:15:17.115090+07:00] api-app.INFO: Xác thực thành công! [] {"uid":"a50f655"}
[2019-11-18T17:16:33.404335+07:00] api-app.INFO: Xác thực thành công! [] {"uid":"3cc17a4"}
[2019-11-18T17:16:37.700285+07:00] api-app.DEBUG: Using token from request header [] {"uid":"f0e5992"}
[2019-11-18T17:25:43.178228+07:00] api-app.DEBUG: Using token from request header [] {"uid":"d2b0c88"}
[2019-11-18T18:22:05.571479+07:00] api-app.DEBUG: Using token from request header [] {"uid":"170bfcf"}
[2019-11-18T18:22:05.574751+07:00] api-app.WARNING: Expired token ["eyJ0eXAiOiJKV1QiLCJhbGciOiJIUzUxMiJ9.eyJpYXQiOjE1NzQwNzE4MjcsImp0aSI6ImE0ZGM4NDZlLTA5ZWItMTFlYS05MWI5LTk0ZGU4MDcwYWNiMyIsImlzcyI6e30sIm5iZiI6MTU3NDA3MTgyNywiZXhwIjoxNTc0MDc1NDI3fQ.uAGOxnuCcbO3tEQavse9vn_fpsxfl6_sz4QIblwcy3bHho0maw24O_8hqiJyIEzdLMkgyzgivGiCAjafGgKfvQ"] {"uid":"170bfcf"}
[2019-11-18T18:39:57.041455+07:00] api-app.DEBUG: Using token from request header [] {"uid":"bb1ad40"}
[2019-11-18T18:39:57.044440+07:00] api-app.WARNING: Expired token ["eyJ0eXAiOiJKV1QiLCJhbGciOiJIUzUxMiJ9.eyJpYXQiOjE1NzQwNzE4MjcsImp0aSI6ImE0ZGM4NDZlLTA5ZWItMTFlYS05MWI5LTk0ZGU4MDcwYWNiMyIsImlzcyI6e30sIm5iZiI6MTU3NDA3MTgyNywiZXhwIjoxNTc0MDc1NDI3fQ.uAGOxnuCcbO3tEQavse9vn_fpsxfl6_sz4QIblwcy3bHho0maw24O_8hqiJyIEzdLMkgyzgivGiCAjafGgKfvQ"] {"uid":"bb1ad40"}
[2019-11-18T18:40:04.065558+07:00] api-app.INFO: Xác thực thành công! [] {"uid":"95890b8"}
[2019-11-18T18:40:18.123581+07:00] api-app.DEBUG: Using token from request header [] {"uid":"d7940ce"}
[2019-11-18T18:46:40.950999+07:00] api-app.DEBUG: Using token from request header [] {"uid":"d361168"}
[2019-11-18T18:46:45.882910+07:00] api-app.DEBUG: Using token from request header [] {"uid":"780a512"}
[2019-11-18T18:46:50.460771+07:00] api-app.INFO: Xác thực thành công! [] {"uid":"855db2e"}
[2019-11-18T18:46:55.068415+07:00] api-app.INFO: Xác thực thành công! [] {"uid":"e51de89"}
[2019-12-19T16:42:22.584441+07:00] api-app.INFO: Xác thực sai! [] {"uid":"f6627e8"}
[2019-12-19T16:42:32.296991+07:00] api-app.INFO: Xác thực sai! [] {"uid":"7de068e"}
[2019-12-19T16:42:45.055940+07:00] api-app.INFO: Xác thực thành công! [] {"uid":"b83a283"}
[2019-12-19T16:44:24.517224+07:00] api-app.INFO: Xác thực thành công! [] {"uid":"0fbafc2"}
[2019-12-19T16:44:43.376529+07:00] api-app.DEBUG: Using token from request header [] {"uid":"f6df8c6"}
[2019-12-19T16:45:13.367173+07:00] api-app.DEBUG: Using token from request header [] {"uid":"e61b920"}
[2019-12-19T16:45:22.632302+07:00] api-app.DEBUG: Using token from request header [] {"uid":"c3806af"}
[2019-12-19T16:46:33.131666+07:00] api-app.DEBUG: Using token from request header [] {"uid":"1ae21e6"}
[2019-12-19T16:46:52.991331+07:00] api-app.DEBUG: Using token from request header [] {"uid":"48a4a42"}
[2019-12-19T16:48:18.279085+07:00] api-app.DEBUG: Using token from request header [] {"uid":"a0b3e09"}
[2019-12-19T16:51:11.997734+07:00] api-app.DEBUG: Using token from request header [] {"uid":"bbf49a3"}
[2019-12-19T16:51:29.895873+07:00] api-app.DEBUG: Using token from request header [] {"uid":"045a1a4"}
[2020-01-10T15:14:48.930543+07:00] api-app.WARNING: Token not found [] {"uid":"839a27c"}
[2020-01-10T15:18:19.220502+07:00] api-app.WARNING: Token not found [] {"uid":"3e1b5f5"}
[2020-01-15T10:01:08.086877+07:00] api-app.INFO: Xác thực thành công! [] {"uid":"375c361"}
[2020-01-15T10:05:45.650574+07:00] api-app.WARNING: Token not found [] {"uid":"6e5be22"}
[2020-01-15T10:06:19.669440+07:00] api-app.DEBUG: Using token from request header [] {"uid":"e5a6f81"}
[2020-01-15T10:06:19.673729+07:00] api-app.WARNING: Wrong number of segments ["/orgstructures/add"] {"uid":"e5a6f81"}
[2020-01-15T10:13:27.262898+07:00] api-app.DEBUG: Using token from request header [] {"uid":"94c6f11"}
[2020-01-15T10:13:27.266848+07:00] api-app.WARNING: Wrong number of segments ["/orgstructures/add"] {"uid":"94c6f11"}
[2020-01-15T10:13:52.008889+07:00] api-app.DEBUG: Using token from request header [] {"uid":"d55e949"}
[2020-01-15T10:13:52.011707+07:00] api-app.WARNING: Wrong number of segments ["/orgstructures/add"] {"uid":"d55e949"}
[2020-01-15T10:14:24.239970+07:00] api-app.DEBUG: Using token from request header [] {"uid":"c021cb8"}
[2020-01-15T10:14:24.241949+07:00] api-app.WARNING: Wrong number of segments ["/orgstructures/add"] {"uid":"c021cb8"}
[2020-01-15T10:16:16.190773+07:00] api-app.DEBUG: Using token from request header [] {"uid":"66aa539"}
[2020-01-15T10:16:16.193598+07:00] api-app.WARNING: Wrong number of segments ["/orgstructures/add"] {"uid":"66aa539"}
[2020-01-15T10:16:31.518419+07:00] api-app.DEBUG: Using token from request header [] {"uid":"6a00d98"}
[2020-01-15T10:16:31.521208+07:00] api-app.WARNING: Wrong number of segments ["/orgstructures/add"] {"uid":"6a00d98"}
[2020-01-15T10:24:04.621658+07:00] api-app.DEBUG: Using token from request header [] {"uid":"cb56e1a"}
[2020-01-15T10:24:04.624453+07:00] api-app.WARNING: Wrong number of segments ["/orgstructures/add"] {"uid":"cb56e1a"}
[2020-01-15T10:24:59.960512+07:00] api-app.DEBUG: Using token from request header [] {"uid":"8a0adc6"}
[2020-01-15T10:24:59.963937+07:00] api-app.WARNING: Wrong number of segments ["/orgstructures/add"] {"uid":"8a0adc6"}
[2020-01-15T10:25:31.060183+07:00] api-app.DEBUG: Using token from request header [] {"uid":"ecffc1a"}
[2020-01-15T10:37:30.794617+07:00] api-app.DEBUG: Using token from request header [] {"uid":"a576787"}
[2020-01-15T10:39:28.677452+07:00] api-app.DEBUG: Using token from request header [] {"uid":"1da3b1d"}
[2020-01-15T11:38:37.719330+07:00] api-app.DEBUG: Using token from request header [] {"uid":"96c96cb"}
[2020-01-15T11:38:37.735909+07:00] api-app.WARNING: Expired token ["eyJ0eXAiOiJKV1QiLCJhbGciOiJIUzUxMiJ9.eyJpYXQiOjE1NzkwNTcyNjgsImp0aSI6IjQ3NDhmZmFhLTM3NDMtMTFlYS1hMTA0LTk0ZGU4MDcwYWNiMyIsImlzcyI6e30sIm5iZiI6MTU3OTA1NzI2OCwiZXhwIjoxNTc5MDYwODY4fQ._xOBLBY303yS-E6CCOaVjUmTEAYjQnxcYkpoX11FiHCgD-W3K2Ta3EVDa3R7Dk9U83WAW2AxilQXOsqCZHjdcg"] {"uid":"96c96cb"}
[2020-01-15T11:38:44.403452+07:00] api-app.INFO: Xác thực thành công! [] {"uid":"b732056"}
[2020-01-15T11:38:55.831271+07:00] api-app.DEBUG: Using token from request header [] {"uid":"366ea22"}
[2020-01-15T11:39:58.417212+07:00] api-app.DEBUG: Using token from request header [] {"uid":"1ed7647"}
[2020-01-15T13:59:49.504372+07:00] api-app.DEBUG: Using token from request header [] {"uid":"90666ce"}
[2020-01-15T13:59:49.579892+07:00] api-app.WARNING: Expired token ["eyJ0eXAiOiJKV1QiLCJhbGciOiJIUzUxMiJ9.eyJpYXQiOjE1NzkwNjMxMjQsImp0aSI6ImU5YTQ3MWFhLTM3NTAtMTFlYS05OTk0LTk0ZGU4MDcwYWNiMyIsImlzcyI6e30sIm5iZiI6MTU3OTA2MzEyNCwiZXhwIjoxNTc5MDY2NzI0fQ.24T4l81Zk34Gfd7xjjpr-HBG-V9fEBNX2YhRJsmPAPSXylEdDsJgZ8137nOthGYuxrO5WGljGg6lT1pTM2dwLQ"] {"uid":"90666ce"}
[2020-01-15T13:59:57.871353+07:00] api-app.INFO: Xác thực thành công! [] {"uid":"3ef7161"}
[2020-01-15T14:00:18.516141+07:00] api-app.DEBUG: Using token from request header [] {"uid":"8f48783"}
[2020-01-15T14:00:35.707809+07:00] api-app.DEBUG: Using token from request header [] {"uid":"aa3ddb9"}
[2020-01-15T14:03:05.570671+07:00] api-app.DEBUG: Using token from request header [] {"uid":"1d6aecc"}
[2020-01-15T14:33:32.909114+07:00] api-app.DEBUG: Using token from request header [] {"uid":"85d6139"}
[2020-01-15T15:23:18.218971+07:00] api-app.DEBUG: Using token from request header [] {"uid":"cf85f46"}
[2020-01-15T15:23:18.222877+07:00] api-app.WARNING: Expired token ["eyJ0eXAiOiJKV1QiLCJhbGciOiJIUzUxMiJ9.eyJpYXQiOjE1NzkwNzE1OTgsImp0aSI6ImE0NWRhNDM2LTM3NjQtMTFlYS05ZDdiLTk0ZGU4MDcwYWNiMyIsImlzcyI6e30sIm5iZiI6MTU3OTA3MTU5OCwiZXhwIjoxNTc5MDc1MTk4fQ.v97AtAF58ZSs0JjvOBv43N6piYv0pfVYcHXchcm9wPjxQPSn_WHGAI0T30yhh1Mmfx4LUIT58mTs3FzFNNZTBw"] {"uid":"cf85f46"}
[2020-01-15T15:23:23.540839+07:00] api-app.INFO: Xác thực thành công! [] {"uid":"a8b56b6"}
[2020-01-15T15:23:37.515332+07:00] api-app.DEBUG: Using token from request header [] {"uid":"e120825"}
[2020-01-15T15:24:10.127888+07:00] api-app.DEBUG: Using token from request header [] {"uid":"3eb8122"}
[2020-01-15T15:24:22.269119+07:00] api-app.DEBUG: Using token from request header [] {"uid":"2a4c8f7"}
[2020-01-15T15:24:22.271704+07:00] api-app.WARNING: Expired token ["eyJ0eXAiOiJKV1QiLCJhbGciOiJIUzUxMiJ9.eyJpYXQiOjE1NzkwNTcyNjgsImp0aSI6IjQ3NDhmZmFhLTM3NDMtMTFlYS1hMTA0LTk0ZGU4MDcwYWNiMyIsImlzcyI6e30sIm5iZiI6MTU3OTA1NzI2OCwiZXhwIjoxNTc5MDYwODY4fQ._xOBLBY303yS-E6CCOaVjUmTEAYjQnxcYkpoX11FiHCgD-W3K2Ta3EVDa3R7Dk9U83WAW2AxilQXOsqCZHjdcg"] {"uid":"2a4c8f7"}
[2020-01-15T15:24:54.236437+07:00] api-app.DEBUG: Using token from request header [] {"uid":"8e34ce9"}
[2020-01-15T15:38:09.297530+07:00] api-app.DEBUG: Using token from request header [] {"uid":"23776f0"}
[2020-01-15T15:38:30.013586+07:00] api-app.DEBUG: Using token from request header [] {"uid":"3ab7ffd"}
[2020-01-15T15:38:50.354809+07:00] api-app.DEBUG: Using token from request header [] {"uid":"50eece2"}
[2020-01-15T15:48:22.317436+07:00] api-app.DEBUG: Using token from request header [] {"uid":"d1ca45f"}
[2020-01-15T15:49:09.791142+07:00] api-app.DEBUG: Using token from request header [] {"uid":"97d4b77"}
[2020-01-15T15:52:03.236791+07:00] api-app.DEBUG: Using token from request header [] {"uid":"d4b82cc"}
[2020-01-15T15:53:13.844291+07:00] api-app.DEBUG: Using token from request header [] {"uid":"3aa84a7"}
[2020-01-15T15:53:26.091216+07:00] api-app.DEBUG: Using token from request header [] {"uid":"ed33f36"}
[2020-01-15T16:04:39.137512+07:00] api-app.DEBUG: Using token from request header [] {"uid":"1bc974b"}
[2020-01-15T16:06:55.481502+07:00] api-app.DEBUG: Using token from request header [] {"uid":"cf0da1d"}
[2020-01-15T16:09:26.564994+07:00] api-app.DEBUG: Using token from request header [] {"uid":"dd83d1e"}
[2020-01-15T16:10:17.648976+07:00] api-app.DEBUG: Using token from request header [] {"uid":"e5f153b"}
[2020-01-15T16:11:04.616121+07:00] api-app.DEBUG: Using token from request header [] {"uid":"929c3ff"}
[2020-01-15T16:11:45.348790+07:00] api-app.DEBUG: Using token from request header [] {"uid":"9cf94c9"}
[2020-01-15T16:12:16.460051+07:00] api-app.DEBUG: Using token from request header [] {"uid":"406e0d7"}
[2020-01-15T16:23:00.114658+07:00] api-app.DEBUG: Using token from request header [] {"uid":"97ba18a"}
[2020-01-15T16:23:44.808376+07:00] api-app.DEBUG: Using token from request header [] {"uid":"dff54ce"}
[2020-01-15T16:24:32.581684+07:00] api-app.DEBUG: Using token from request header [] {"uid":"f296a8c"}
[2020-01-15T16:25:10.474412+07:00] api-app.DEBUG: Using token from request header [] {"uid":"b609dfd"}
[2020-01-15T16:25:16.951228+07:00] api-app.DEBUG: Using token from request header [] {"uid":"0a50494"}
[2020-01-15T16:25:26.757490+07:00] api-app.DEBUG: Using token from request header [] {"uid":"99ce721"}
[2020-01-15T16:25:31.124079+07:00] api-app.DEBUG: Using token from request header [] {"uid":"a74d903"}
[2020-01-15T16:49:32.481842+07:00] api-app.DEBUG: Using token from request header [] {"uid":"78bf89e"}
[2020-01-15T16:52:03.646813+07:00] api-app.DEBUG: Using token from request header [] {"uid":"50ceaa4"}
[2020-01-15T16:53:23.285761+07:00] api-app.DEBUG: Using token from request header [] {"uid":"7da2f17"}
[2020-01-15T16:58:56.374853+07:00] api-app.DEBUG: Using token from request header [] {"uid":"0883822"}
[2020-01-15T16:59:07.646960+07:00] api-app.DEBUG: Using token from request header [] {"uid":"13f5900"}
[2020-01-15T17:04:24.957933+07:00] api-app.DEBUG: Using token from request header [] {"uid":"baa11fe"}
[2020-01-15T17:04:57.013301+07:00] api-app.DEBUG: Using token from request header [] {"uid":"0d47aa2"}
[2020-01-15T17:05:12.696361+07:00] api-app.DEBUG: Using token from request header [] {"uid":"f85e058"}
[2020-01-15T17:05:26.228678+07:00] api-app.DEBUG: Using token from request header [] {"uid":"4f4654f"}
[2020-01-15T17:05:58.736582+07:00] api-app.DEBUG: Using token from request header [] {"uid":"93897ad"}
[2020-01-15T17:06:47.350945+07:00] api-app.DEBUG: Using token from request header [] {"uid":"1e17a5e"}
[2020-01-15T17:06:57.936338+07:00] api-app.DEBUG: Using token from request header [] {"uid":"c817452"}
[2020-01-15T17:07:18.679917+07:00] api-app.DEBUG: Using token from request header [] {"uid":"9045002"}
[2020-01-15T17:07:41.445501+07:00] api-app.DEBUG: Using token from request header [] {"uid":"1a38f5f"}
[2020-01-15T17:07:51.592382+07:00] api-app.DEBUG: Using token from request header [] {"uid":"b0153f5"}
[2020-01-15T17:08:50.318486+07:00] api-app.DEBUG: Using token from request header [] {"uid":"dbf9e7e"}
[2020-01-15T17:08:55.341071+07:00] api-app.DEBUG: Using token from request header [] {"uid":"a5aa5f8"}
[2020-01-15T17:09:33.308824+07:00] api-app.DEBUG: Using token from request header [] {"uid":"d676a23"}
[2020-01-15T17:12:23.206022+07:00] api-app.DEBUG: Using token from request header [] {"uid":"8cd3d20"}
[2020-01-15T17:12:36.119544+07:00] api-app.DEBUG: Using token from request header [] {"uid":"5dce2af"}
[2020-01-15T17:13:01.868482+07:00] api-app.DEBUG: Using token from request header [] {"uid":"6abd4d4"}
[2020-01-15T17:15:29.498665+07:00] api-app.DEBUG: Using token from request header [] {"uid":"f2ed4db"}
[2020-01-15T17:15:46.100609+07:00] api-app.DEBUG: Using token from request header [] {"uid":"c4f06a4"}
[2020-01-15T17:16:06.583937+07:00] api-app.DEBUG: Using token from request header [] {"uid":"501e707"}
[2020-01-15T17:19:32.759058+07:00] api-app.DEBUG: Using token from request header [] {"uid":"1b4a876"}
[2020-01-15T17:21:08.841148+07:00] api-app.DEBUG: Using token from request header [] {"uid":"a223123"}
[2020-01-15T17:22:35.696204+07:00] api-app.DEBUG: Using token from request header [] {"uid":"e5139cf"}
[2020-01-15T17:26:02.633822+07:00] api-app.DEBUG: Using token from request header [] {"uid":"f7b7db4"}
[2020-01-15T17:26:05.521990+07:00] api-app.DEBUG: Using token from request header [] {"uid":"f8c6d4f"}
[2020-01-15T17:26:07.475704+07:00] api-app.DEBUG: Using token from request header [] {"uid":"284ca22"}
[2020-01-15T17:26:09.326043+07:00] api-app.DEBUG: Using token from request header [] {"uid":"2178338"}
[2020-01-16T09:46:34.900119+07:00] api-app.INFO: Xác thực thành công! [] {"uid":"6578c69"}
[2020-01-16T09:47:51.457545+07:00] api-app.DEBUG: Using token from request header [] {"uid":"bb92cce"}
[2020-01-16T09:49:59.567211+07:00] api-app.DEBUG: Using token from request header [] {"uid":"fc6d19c"}
[2020-01-16T10:17:29.899523+07:00] api-app.DEBUG: Using token from request header [] {"uid":"e496b6e"}
[2020-01-16T10:17:43.367893+07:00] api-app.DEBUG: Using token from request header [] {"uid":"0c5783b"}
[2020-01-16T10:18:59.328743+07:00] api-app.DEBUG: Using token from request header [] {"uid":"7e155c1"}
[2020-01-16T10:19:20.425332+07:00] api-app.DEBUG: Using token from request header [] {"uid":"3994f0f"}
[2020-01-16T10:19:34.216830+07:00] api-app.DEBUG: Using token from request header [] {"uid":"63c6b17"}
[2020-01-16T10:21:04.049188+07:00] api-app.DEBUG: Using token from request header [] {"uid":"e6b6b73"}
[2020-01-16T10:21:49.415301+07:00] api-app.DEBUG: Using token from request header [] {"uid":"384deb3"}
[2020-01-16T10:22:12.084593+07:00] api-app.DEBUG: Using token from request header [] {"uid":"1d1ead7"}
[2020-01-16T10:22:15.635350+07:00] api-app.DEBUG: Using token from request header [] {"uid":"21889d1"}
[2020-01-16T10:24:23.882394+07:00] api-app.WARNING: Token not found [] {"uid":"c4e513d"}
[2020-01-16T10:24:45.315001+07:00] api-app.DEBUG: Using token from request header [] {"uid":"a9e3849"}
[2020-01-16T10:25:41.231663+07:00] api-app.DEBUG: Using token from request header [] {"uid":"6b5c6e2"}
[2020-01-16T10:30:02.697998+07:00] api-app.DEBUG: Using token from request header [] {"uid":"fb6652c"}
[2020-01-16T10:31:27.858608+07:00] api-app.DEBUG: Using token from request header [] {"uid":"7f949c9"}
[2020-01-16T10:31:34.404882+07:00] api-app.DEBUG: Using token from request header [] {"uid":"81ec696"}
[2020-01-16T10:32:31.137884+07:00] api-app.DEBUG: Using token from request header [] {"uid":"3a0fcc7"}
[2020-01-16T10:48:18.648895+07:00] api-app.DEBUG: Using token from request header [] {"uid":"4c657d9"}
[2020-01-16T10:48:39.743442+07:00] api-app.DEBUG: Using token from request header [] {"uid":"b795ec1"}
[2020-01-16T10:48:54.113337+07:00] api-app.DEBUG: Using token from request header [] {"uid":"aae3e4b"}
[2020-01-16T10:56:51.381821+07:00] api-app.DEBUG: Using token from request header [] {"uid":"d4f5af6"}
[2020-01-16T10:57:26.236672+07:00] api-app.DEBUG: Using token from request header [] {"uid":"235050b"}
[2020-01-16T10:57:59.440419+07:00] api-app.DEBUG: Using token from request header [] {"uid":"50ed761"}
[2020-01-16T10:58:20.477627+07:00] api-app.DEBUG: Using token from request header [] {"uid":"0cbef57"}
[2020-01-16T10:58:33.302583+07:00] api-app.DEBUG: Using token from request header [] {"uid":"49ce4e2"}
[2020-01-16T10:59:17.451069+07:00] api-app.DEBUG: Using token from request header [] {"uid":"ef9eb8d"}
[2020-01-16T11:00:52.533002+07:00] api-app.DEBUG: Using token from request header [] {"uid":"d817fa7"}
[2020-01-16T11:02:26.678766+07:00] api-app.DEBUG: Using token from request header [] {"uid":"80d35a0"}
[2020-01-16T11:08:44.947653+07:00] api-app.DEBUG: Using token from request header [] {"uid":"65b9057"}
[2020-01-16T11:09:23.849239+07:00] api-app.DEBUG: Using token from request header [] {"uid":"f7c1e9c"}
[2020-01-16T11:10:02.966743+07:00] api-app.DEBUG: Using token from request header [] {"uid":"060032e"}
[2020-01-16T11:10:21.920395+07:00] api-app.DEBUG: Using token from request header [] {"uid":"bfa263a"}
[2020-01-16T11:11:11.341225+07:00] api-app.DEBUG: Using token from request header [] {"uid":"30b38bc"}
[2020-01-16T11:11:35.515666+07:00] api-app.DEBUG: Using token from request header [] {"uid":"bd5052d"}
[2020-01-16T11:12:55.078352+07:00] api-app.DEBUG: Using token from request header [] {"uid":"d260d42"}
[2020-01-16T11:16:57.150243+07:00] api-app.DEBUG: Using token from request header [] {"uid":"62583cf"}
[2020-01-16T11:17:50.624990+07:00] api-app.DEBUG: Using token from request header [] {"uid":"1f39c42"}
[2020-01-16T11:25:58.487756+07:00] api-app.DEBUG: Using token from request header [] {"uid":"eac8812"}
[2020-01-16T13:41:26.829309+07:00] api-app.DEBUG: Using token from request header [] {"uid":"447a153"}
[2020-01-16T13:46:32.842864+07:00] api-app.DEBUG: Using token from request header [] {"uid":"7a58915"}
[2020-01-16T13:46:48.622473+07:00] api-app.DEBUG: Using token from request header [] {"uid":"a62d87e"}
[2020-01-16T13:47:39.936582+07:00] api-app.DEBUG: Using token from request header [] {"uid":"09e737b"}
[2020-01-16T13:48:44.965245+07:00] api-app.DEBUG: Using token from request header [] {"uid":"b2b033b"}
[2020-01-16T13:48:50.501282+07:00] api-app.DEBUG: Using token from request header [] {"uid":"6a3a215"}
[2020-01-16T13:49:37.039309+07:00] api-app.DEBUG: Using token from request header [] {"uid":"0506fb5"}
[2020-01-16T13:49:48.632628+07:00] api-app.DEBUG: Using token from request header [] {"uid":"daaca93"}
[2020-01-16T13:50:01.916522+07:00] api-app.DEBUG: Using token from request header [] {"uid":"b11998a"}
[2020-01-16T13:50:13.053969+07:00] api-app.DEBUG: Using token from request header [] {"uid":"4cd14af"}
[2020-01-16T13:50:58.732392+07:00] api-app.DEBUG: Using token from request header [] {"uid":"a4dc224"}
[2020-01-16T13:51:27.881499+07:00] api-app.DEBUG: Using token from request header [] {"uid":"2b1fa98"}
[2020-01-16T13:51:51.951997+07:00] api-app.DEBUG: Using token from request header [] {"uid":"b01125e"}
[2020-01-16T13:52:08.162592+07:00] api-app.DEBUG: Using token from request header [] {"uid":"dbb3e19"}
[2020-01-16T13:58:53.641709+07:00] api-app.DEBUG: Using token from request header [] {"uid":"f3ceb8a"}
[2020-01-16T13:59:21.894905+07:00] api-app.DEBUG: Using token from request header [] {"uid":"a340cf7"}
[2020-01-16T14:01:02.203304+07:00] api-app.DEBUG: Using token from request header [] {"uid":"5490c69"}
[2020-01-16T14:01:15.887554+07:00] api-app.DEBUG: Using token from request header [] {"uid":"076edd7"}
[2020-01-16T14:03:26.311819+07:00] api-app.DEBUG: Using token from request header [] {"uid":"7d94d97"}
[2020-01-16T14:04:52.216664+07:00] api-app.DEBUG: Using token from request header [] {"uid":"d28e20b"}
[2020-01-16T14:19:21.835206+07:00] api-app.DEBUG: Using token from request header [] {"uid":"fdb607b"}
[2020-01-16T14:19:30.299100+07:00] api-app.DEBUG: Using token from request header [] {"uid":"33a2e97"}
[2020-01-16T14:20:48.858183+07:00] api-app.DEBUG: Using token from request header [] {"uid":"f162624"}
[2020-01-16T14:22:11.083998+07:00] api-app.DEBUG: Using token from request header [] {"uid":"4355895"}
[2020-01-16T14:22:24.199710+07:00] api-app.DEBUG: Using token from request header [] {"uid":"601fa69"}
[2020-01-16T14:26:26.100697+07:00] api-app.DEBUG: Using token from request header [] {"uid":"50352c4"}
[2020-01-16T14:27:53.860095+07:00] api-app.DEBUG: Using token from request header [] {"uid":"e242427"}
[2020-01-16T14:28:13.951560+07:00] api-app.DEBUG: Using token from request header [] {"uid":"0565595"}
[2020-01-16T14:28:28.126706+07:00] api-app.DEBUG: Using token from request header [] {"uid":"978e557"}
[2020-01-16T14:30:58.048125+07:00] api-app.DEBUG: Using token from request header [] {"uid":"a0b24f9"}
[2020-01-16T14:31:51.306635+07:00] api-app.DEBUG: Using token from request header [] {"uid":"2975abb"}
[2020-01-16T14:39:51.192454+07:00] api-app.DEBUG: Using token from request header [] {"uid":"a09f1bf"}
[2020-01-16T14:40:00.721736+07:00] api-app.DEBUG: Using token from request header [] {"uid":"72d47fd"}
[2020-01-16T14:40:10.214640+07:00] api-app.DEBUG: Using token from request header [] {"uid":"96b303f"}
[2020-01-16T14:41:01.411077+07:00] api-app.DEBUG: Using token from request header [] {"uid":"912bf24"}
[2020-01-16T15:03:50.380793+07:00] api-app.DEBUG: Using token from request header [] {"uid":"074db98"}
[2020-01-16T15:06:20.890208+07:00] api-app.DEBUG: Using token from request header [] {"uid":"e29f8ba"}
[2020-01-16T15:06:36.634512+07:00] api-app.DEBUG: Using token from request header [] {"uid":"0da3ae1"}
[2020-01-16T15:09:42.047128+07:00] api-app.DEBUG: Using token from request header [] {"uid":"3e0f8a8"}
[2020-01-16T15:10:40.881642+07:00] api-app.DEBUG: Using token from request header [] {"uid":"810d54c"}
[2020-01-16T15:12:25.854585+07:00] api-app.DEBUG: Using token from request header [] {"uid":"3b7fa95"}
[2020-01-16T15:13:45.007408+07:00] api-app.DEBUG: Using token from request header [] {"uid":"e043388"}
[2020-01-16T15:16:13.012529+07:00] api-app.DEBUG: Using token from request header [] {"uid":"ea99070"}
[2020-01-16T15:19:44.839712+07:00] api-app.DEBUG: Using token from request header [] {"uid":"dbe82f6"}
[2020-01-16T15:20:11.523350+07:00] api-app.DEBUG: Using token from request header [] {"uid":"f60a5de"}
[2020-01-16T15:20:36.079120+07:00] api-app.DEBUG: Using token from request header [] {"uid":"10e477a"}
[2020-01-16T15:20:57.295124+07:00] api-app.DEBUG: Using token from request header [] {"uid":"a80405f"}
[2020-01-16T15:21:33.011098+07:00] api-app.DEBUG: Using token from request header [] {"uid":"72f3916"}
[2020-01-16T15:21:56.243556+07:00] api-app.DEBUG: Using token from request header [] {"uid":"d188063"}
[2020-01-16T15:22:38.043779+07:00] api-app.DEBUG: Using token from request header [] {"uid":"090aacf"}
[2020-01-16T15:22:55.064796+07:00] api-app.DEBUG: Using token from request header [] {"uid":"544ee01"}
[2020-01-16T15:23:19.622423+07:00] api-app.DEBUG: Using token from request header [] {"uid":"8edaa00"}
[2020-01-16T15:23:30.414987+07:00] api-app.DEBUG: Using token from request header [] {"uid":"9b91457"}
[2020-01-16T15:23:57.321936+07:00] api-app.DEBUG: Using token from request header [] {"uid":"763249b"}
[2020-01-16T15:24:16.264461+07:00] api-app.DEBUG: Using token from request header [] {"uid":"48a99ca"}
[2020-01-16T15:24:26.723110+07:00] api-app.DEBUG: Using token from request header [] {"uid":"b5d2d1e"}
[2020-01-16T15:24:33.260057+07:00] api-app.DEBUG: Using token from request header [] {"uid":"a93228b"}
[2020-01-16T15:27:25.627490+07:00] api-app.DEBUG: Using token from request header [] {"uid":"134aca9"}
[2020-01-16T15:27:47.517736+07:00] api-app.DEBUG: Using token from request header [] {"uid":"239a9c5"}
[2020-01-16T15:27:54.408861+07:00] api-app.DEBUG: Using token from request header [] {"uid":"a4f083e"}
[2020-01-16T15:27:56.753286+07:00] api-app.DEBUG: Using token from request header [] {"uid":"1149f38"}
[2020-01-16T15:28:34.720570+07:00] api-app.DEBUG: Using token from request header [] {"uid":"7a2ba59"}
[2020-01-16T15:29:05.164959+07:00] api-app.DEBUG: Using token from request header [] {"uid":"a8fea82"}
[2020-01-16T15:29:30.973314+07:00] api-app.DEBUG: Using token from request header [] {"uid":"2a0119b"}
[2020-01-16T15:29:40.329923+07:00] api-app.DEBUG: Using token from request header [] {"uid":"c0e36c8"}
[2020-01-16T15:29:51.786887+07:00] api-app.DEBUG: Using token from request header [] {"uid":"e941cd9"}
[2020-01-16T15:30:31.419989+07:00] api-app.DEBUG: Using token from request header [] {"uid":"43d57ed"}
[2020-01-16T15:36:24.535484+07:00] api-app.DEBUG: Using token from request header [] {"uid":"49fd60f"}
[2020-01-16T15:37:45.786800+07:00] api-app.DEBUG: Using token from request header [] {"uid":"2bbe177"}
[2020-01-16T15:37:57.785801+07:00] api-app.DEBUG: Using token from request header [] {"uid":"d1300ad"}
[2020-01-16T15:38:17.801552+07:00] api-app.DEBUG: Using token from request header [] {"uid":"a3a3cf2"}
[2020-01-16T15:38:47.739838+07:00] api-app.DEBUG: Using token from request header [] {"uid":"409d752"}
[2020-01-16T15:39:23.673751+07:00] api-app.DEBUG: Using token from request header [] {"uid":"d14d71c"}
[2020-01-16T15:41:07.116048+07:00] api-app.DEBUG: Using token from request header [] {"uid":"39446e6"}
[2020-01-16T15:42:11.223842+07:00] api-app.DEBUG: Using token from request header [] {"uid":"2ae4e1f"}
[2020-01-16T15:42:23.434231+07:00] api-app.DEBUG: Using token from request header [] {"uid":"1667c0e"}
[2020-01-16T15:42:44.649342+07:00] api-app.DEBUG: Using token from request header [] {"uid":"9c0161e"}
[2020-01-16T15:42:58.322924+07:00] api-app.DEBUG: Using token from request header [] {"uid":"58d8a74"}
[2020-01-16T15:43:28.685846+07:00] api-app.DEBUG: Using token from request header [] {"uid":"775eec4"}
[2020-01-16T15:43:52.532323+07:00] api-app.DEBUG: Using token from request header [] {"uid":"157437f"}
[2020-01-16T15:44:01.650396+07:00] api-app.DEBUG: Using token from request header [] {"uid":"028acbc"}
[2020-01-16T15:45:34.318673+07:00] api-app.DEBUG: Using token from request header [] {"uid":"f67e827"}
[2020-01-16T15:45:55.122414+07:00] api-app.DEBUG: Using token from request header [] {"uid":"f79933a"}
[2020-01-16T15:46:14.490706+07:00] api-app.DEBUG: Using token from request header [] {"uid":"9ffda3b"}
[2020-01-16T15:46:56.219050+07:00] api-app.DEBUG: Using token from request header [] {"uid":"755c15d"}
[2020-01-16T15:47:09.613424+07:00] api-app.DEBUG: Using token from request header [] {"uid":"0fecb9f"}
[2020-01-16T15:48:30.565131+07:00] api-app.DEBUG: Using token from request header [] {"uid":"c61216e"}
[2020-01-16T15:51:20.429785+07:00] api-app.DEBUG: Using token from request header [] {"uid":"68a7002"}
[2020-01-16T15:52:49.824635+07:00] api-app.DEBUG: Using token from request header [] {"uid":"8024a88"}
[2020-01-16T15:56:05.893076+07:00] api-app.DEBUG: Using token from request header [] {"uid":"661d13a"}
[2020-01-16T15:56:50.874120+07:00] api-app.DEBUG: Using token from request header [] {"uid":"6bba1e1"}
[2020-01-16T16:09:39.542397+07:00] api-app.DEBUG: Using token from request header [] {"uid":"cf30926"}
[2020-01-16T16:09:51.317926+07:00] api-app.DEBUG: Using token from request header [] {"uid":"3e1de7f"}
[2020-01-16T16:10:06.663567+07:00] api-app.DEBUG: Using token from request header [] {"uid":"a9addfb"}
[2020-01-16T16:11:20.599734+07:00] api-app.DEBUG: Using token from request header [] {"uid":"a9be44c"}
[2020-01-16T16:11:38.246393+07:00] api-app.DEBUG: Using token from request header [] {"uid":"cf0ff0d"}
[2020-01-16T16:12:26.875573+07:00] api-app.DEBUG: Using token from request header [] {"uid":"e49fa6d"}
[2020-01-16T16:13:00.097934+07:00] api-app.DEBUG: Using token from request header [] {"uid":"c31653c"}
[2020-01-16T16:13:08.455908+07:00] api-app.DEBUG: Using token from request header [] {"uid":"f159961"}
[2020-01-16T16:13:48.066472+07:00] api-app.DEBUG: Using token from request header [] {"uid":"b03c2d0"}
[2020-01-16T16:14:46.868434+07:00] api-app.DEBUG: Using token from request header [] {"uid":"1280bbb"}
[2020-01-16T16:14:59.933926+07:00] api-app.DEBUG: Using token from request header [] {"uid":"676bf76"}
[2020-01-16T16:15:51.321272+07:00] api-app.DEBUG: Using token from request header [] {"uid":"793b659"}
[2020-01-16T16:16:14.237161+07:00] api-app.DEBUG: Using token from request header [] {"uid":"3539235"}
[2020-01-16T16:17:28.421601+07:00] api-app.DEBUG: Using token from request header [] {"uid":"2d285c1"}
[2020-01-16T16:18:28.973298+07:00] api-app.DEBUG: Using token from request header [] {"uid":"a410787"}
[2020-01-16T16:19:02.686029+07:00] api-app.DEBUG: Using token from request header [] {"uid":"4ab8274"}
[2020-01-16T16:19:09.470395+07:00] api-app.DEBUG: Using token from request header [] {"uid":"8661801"}
[2020-01-16T16:22:15.145828+07:00] api-app.DEBUG: Using token from request header [] {"uid":"7104b8f"}
[2020-01-16T16:22:44.788102+07:00] api-app.DEBUG: Using token from request header [] {"uid":"0a806a4"}
[2020-01-16T17:04:44.675103+07:00] api-app.DEBUG: Using token from request header [] {"uid":"3fdd4c2"}
[2020-01-16T17:05:29.503474+07:00] api-app.DEBUG: Using token from request header [] {"uid":"bb44203"}
[2020-01-16T17:05:54.795910+07:00] api-app.DEBUG: Using token from request header [] {"uid":"2a9489b"}
[2020-01-16T17:07:32.719384+07:00] api-app.DEBUG: Using token from request header [] {"uid":"898530d"}
[2020-01-16T17:07:46.501551+07:00] api-app.DEBUG: Using token from request header [] {"uid":"af022bf"}
[2020-01-16T17:14:16.901337+07:00] api-app.DEBUG: Using token from request header [] {"uid":"9cb9111"}
[2020-01-16T17:15:49.862349+07:00] api-app.DEBUG: Using token from request header [] {"uid":"90eeec0"}
[2020-01-16T17:15:54.718049+07:00] api-app.DEBUG: Using token from request header [] {"uid":"221a4ff"}
[2020-01-16T17:16:16.290118+07:00] api-app.DEBUG: Using token from request header [] {"uid":"8e7588c"}
[2020-01-16T17:17:28.248651+07:00] api-app.DEBUG: Using token from request header [] {"uid":"d0a54f4"}
[2020-01-16T17:17:54.164348+07:00] api-app.DEBUG: Using token from request header [] {"uid":"81d8f71"}
[2020-01-16T17:19:41.037954+07:00] api-app.DEBUG: Using token from request header [] {"uid":"0220578"}
[2020-01-16T17:20:19.534827+07:00] api-app.DEBUG: Using token from request header [] {"uid":"e2f8e44"}
[2020-01-16T17:21:24.726314+07:00] api-app.DEBUG: Using token from request header [] {"uid":"8935d57"}
[2020-01-16T17:22:11.771889+07:00] api-app.DEBUG: Using token from request header [] {"uid":"a50196a"}
[2020-01-16T17:23:25.216366+07:00] api-app.DEBUG: Using token from request header [] {"uid":"e985867"}
[2020-01-16T17:24:08.811890+07:00] api-app.DEBUG: Using token from request header [] {"uid":"028c55e"}
[2020-01-16T17:24:47.702642+07:00] api-app.DEBUG: Using token from request header [] {"uid":"ca8a2ef"}
[2020-01-16T17:26:40.645227+07:00] api-app.DEBUG: Using token from request header [] {"uid":"7df05f9"}
[2020-01-16T17:27:23.845513+07:00] api-app.DEBUG: Using token from request header [] {"uid":"2897ee4"}
[2020-01-16T17:37:40.473540+07:00] api-app.DEBUG: Using token from request header [] {"uid":"3d28ed5"}
[2020-01-16T17:38:41.856306+07:00] api-app.DEBUG: Using token from request header [] {"uid":"2fcb242"}
[2020-01-16T17:39:06.055268+07:00] api-app.DEBUG: Using token from request header [] {"uid":"0bc4e35"}
[2020-01-16T17:39:25.758601+07:00] api-app.DEBUG: Using token from request header [] {"uid":"a07d1f2"}
[2020-01-16T17:39:41.042695+07:00] api-app.DEBUG: Using token from request header [] {"uid":"eb2bba7"}
[2020-01-17T08:46:53.802115+07:00] api-app.INFO: Xác thực thành công! [] {"uid":"1bd494a"}
[2020-01-17T08:47:09.633324+07:00] api-app.DEBUG: Using token from request header [] {"uid":"7b1a9bf"}
[2020-01-17T08:47:44.040842+07:00] api-app.DEBUG: Using token from request header [] {"uid":"d2532e7"}
[2020-01-17T08:48:23.779242+07:00] api-app.DEBUG: Using token from request header [] {"uid":"056f0b7"}
[2020-01-17T08:48:41.270186+07:00] api-app.DEBUG: Using token from request header [] {"uid":"0a28a14"}
[2020-01-17T08:48:45.088323+07:00] api-app.DEBUG: Using token from request header [] {"uid":"38de577"}
[2020-01-17T09:59:05.188093+07:00] api-app.DEBUG: Using token from request header [] {"uid":"6dddff0"}
[2020-01-17T09:59:23.587020+07:00] api-app.DEBUG: Using token from request header [] {"uid":"dd78d28"}
[2020-01-17T09:59:47.812938+07:00] api-app.DEBUG: Using token from request header [] {"uid":"aa79bee"}
[2020-01-17T10:01:45.082399+07:00] api-app.DEBUG: Using token from request header [] {"uid":"fb8780a"}
[2020-01-17T10:24:57.264733+07:00] api-app.DEBUG: Using token from request header [] {"uid":"aa5555b"}
[2020-01-17T10:25:54.820507+07:00] api-app.DEBUG: Using token from request header [] {"uid":"015d288"}
[2020-01-17T10:26:39.012119+07:00] api-app.DEBUG: Using token from request header [] {"uid":"8d8ff5a"}
[2020-01-17T10:27:03.314515+07:00] api-app.DEBUG: Using token from request header [] {"uid":"1d9e858"}
[2020-01-17T10:33:27.984597+07:00] api-app.DEBUG: Using token from request header [] {"uid":"d260e84"}
[2020-01-17T10:33:37.817702+07:00] api-app.DEBUG: Using token from request header [] {"uid":"1c5cbfc"}
[2020-01-17T11:27:35.528217+07:00] api-app.DEBUG: Using token from request header [] {"uid":"0a512d2"}
[2020-01-17T14:06:42.689067+07:00] api-app.DEBUG: Using token from request header [] {"uid":"b56080b"}
[2020-01-17T16:35:49.227894+07:00] api-app.DEBUG: Using token from request header [] {"uid":"efff52a"}
[2020-01-17T16:36:32.092580+07:00] api-app.DEBUG: Using token from request header [] {"uid":"39e120c"}
[2020-01-17T16:36:55.424400+07:00] api-app.DEBUG: Using token from request header [] {"uid":"77d1470"}
[2020-01-17T16:38:40.849832+07:00] api-app.DEBUG: Using token from request header [] {"uid":"cba443e"}
[2020-01-18T09:46:49.597423+07:00] api-app.DEBUG: Using token from request header [] {"uid":"4ee0a8e"}
[2020-01-18T09:46:49.725791+07:00] api-app.WARNING: Expired token ["eyJ0eXAiOiJKV1QiLCJhbGciOiJIUzUxMiJ9.eyJpYXQiOjE1NzkyMjU2MTQsImp0aSI6IjNkMjJmMWU2LTM4Y2ItMTFlYS1iYmQ2LTk0ZGU4MDcwYWNiMyIsImlzcyI6e30sIm5iZiI6MTU3OTIyNTYxNCwiZXhwIjoxNTc5MjYxNjE0fQ.AvDyaAF32FAdXBkaosJvKPF02TeETWellUXKRHSMbMxx1nYEyrgjsZQJ52RQYoEeaXLmKEBM04LD7igxZJt9ig"] {"uid":"4ee0a8e"}
